Base path: /Applications/Unity/Unity.app/Contents
Pipe name: \\.\pipe\UnityShaderCompiler-1--1590406744
Cmd: getPlatforms
Cmd: preprocess
  insize=2257 outsize=3263 ok=1
Cmd: compileSnippet
  api=0 type=0 insize=4326 outsize=1058 kw=DIRECTIONAL SHADOWS_OFF LIGHTMAP_OFF DIRLIGHTMAP_OFF ok=1
Cmd: compileSnippet
  api=0 type=1 insize=4326 outsize=1213 kw=DIRECTIONAL SHADOWS_OFF LIGHTMAP_OFF DIRLIGHTMAP_OFF ok=1
Cmd: compileSnippet
  api=0 type=0 insize=2247 outsize=857 kw=POINT ok=1
Cmd: compileSnippet
  api=0 type=1 insize=2247 outsize=1423 kw=POINT ok=1
Cmd: compileSnippet
  api=0 type=0 insize=4327 outsize=1058 kw=DIRECTIONAL SHADOWS_OFF LIGHTMAP_OFF DIRLIGHTMAP_OFF ok=1
Cmd: compileSnippet
  api=0 type=1 insize=4327 outsize=1213 kw=DIRECTIONAL SHADOWS_OFF LIGHTMAP_OFF DIRLIGHTMAP_OFF ok=1
Cmd: compileSnippet
  api=0 type=0 insize=2247 outsize=857 kw=POINT ok=1
Cmd: compileSnippet
  api=0 type=1 insize=2247 outsize=1423 kw=POINT ok=1
Cmd: compileSnippet
  api=0 type=0 insize=369 outsize=424 kw= ok=1
Cmd: compileSnippet
  api=0 type=1 insize=369 outsize=136 kw= ok=1
Cmd: preprocess
  insize=660 outsize=660 ok=1
Cmd: preprocess
  insize=963 outsize=963 ok=1
Cmd: preprocess
  insize=2081 outsize=2551 ok=1
Cmd: compileSnippet
  api=0 type=0 insize=369 outsize=424 kw= ok=1
Cmd: compileSnippet
  api=0 type=1 insize=369 outsize=136 kw= ok=1
Cmd: preprocess
  insize=1341 outsize=1875 ok=1
Cmd: compileSnippet
  api=0 type=0 insize=4326 outsize=1058 kw=DIRECTIONAL SHADOWS_OFF LIGHTMAP_OFF DIRLIGHTMAP_OFF ok=1
Cmd: compileSnippet
  api=0 type=1 insize=4326 outsize=1213 kw=DIRECTIONAL SHADOWS_OFF LIGHTMAP_OFF DIRLIGHTMAP_OFF ok=1
Cmd: compileSnippet
  api=0 type=0 insize=2247 outsize=857 kw=POINT ok=1
Cmd: compileSnippet
  api=0 type=1 insize=2247 outsize=1423 kw=POINT ok=1
Cmd: preprocess
  insize=1883 outsize=2954 ok=1
Cmd: compileSnippet
  api=0 type=0 insize=4326 outsize=1058 kw=DIRECTIONAL SHADOWS_OFF LIGHTMAP_OFF DIRLIGHTMAP_OFF ok=1
Cmd: compileSnippet
  api=0 type=1 insize=4326 outsize=1213 kw=DIRECTIONAL SHADOWS_OFF LIGHTMAP_OFF DIRLIGHTMAP_OFF ok=1
Cmd: compileSnippet
  api=0 type=0 insize=2247 outsize=857 kw=POINT ok=1
Cmd: compileSnippet
  api=0 type=1 insize=2247 outsize=1423 kw=POINT ok=1
Cmd: compileSnippet
  api=0 type=0 insize=4327 outsize=1058 kw=DIRECTIONAL SHADOWS_OFF LIGHTMAP_OFF DIRLIGHTMAP_OFF ok=1
Cmd: compileSnippet
  api=0 type=1 insize=4327 outsize=1213 kw=DIRECTIONAL SHADOWS_OFF LIGHTMAP_OFF DIRLIGHTMAP_OFF ok=1
Cmd: compileSnippet
  api=0 type=0 insize=2247 outsize=857 kw=POINT ok=1
Cmd: compileSnippet
  api=0 type=1 insize=2247 outsize=1423 kw=POINT ok=1
Cmd: preprocess
  insize=2029 outsize=3036 ok=1
Cmd: compileSnippet
  api=0 type=0 insize=4326 outsize=1058 kw=DIRECTIONAL SHADOWS_OFF LIGHTMAP_OFF DIRLIGHTMAP_OFF ok=1
Cmd: compileSnippet
  api=0 type=1 insize=4326 outsize=1213 kw=DIRECTIONAL SHADOWS_OFF LIGHTMAP_OFF DIRLIGHTMAP_OFF ok=1
Cmd: compileSnippet
  api=0 type=0 insize=2247 outsize=857 kw=POINT ok=1
Cmd: compileSnippet
  api=0 type=1 insize=2247 outsize=1423 kw=POINT ok=1
Cmd: compileSnippet
  api=0 type=0 insize=4327 outsize=1058 kw=DIRECTIONAL SHADOWS_OFF LIGHTMAP_OFF DIRLIGHTMAP_OFF ok=1
Cmd: compileSnippet
  api=0 type=1 insize=4327 outsize=1213 kw=DIRECTIONAL SHADOWS_OFF LIGHTMAP_OFF DIRLIGHTMAP_OFF ok=1
Cmd: compileSnippet
  api=0 type=0 insize=2247 outsize=857 kw=POINT ok=1
Cmd: compileSnippet
  api=0 type=1 insize=2247 outsize=1423 kw=POINT ok=1
Cmd: compileSnippet
  api=0 type=0 insize=369 outsize=424 kw= ok=1
Cmd: compileSnippet
  api=0 type=1 insize=369 outsize=136 kw= ok=1
Cmd: preprocess
  insize=1421 outsize=1956 ok=1
Cmd: compileSnippet
  api=0 type=0 insize=4326 outsize=1058 kw=DIRECTIONAL SHADOWS_OFF LIGHTMAP_OFF DIRLIGHTMAP_OFF ok=1
Cmd: compileSnippet
  api=0 type=1 insize=4326 outsize=1213 kw=DIRECTIONAL SHADOWS_OFF LIGHTMAP_OFF DIRLIGHTMAP_OFF ok=1
Cmd: compileSnippet
  api=0 type=0 insize=2247 outsize=857 kw=POINT ok=1
Cmd: compileSnippet
  api=0 type=1 insize=2247 outsize=1423 kw=POINT ok=1
Cmd: preprocess
  insize=516 outsize=516 ok=1
Cmd: preprocess
  insize=1411 outsize=1946 ok=1
Cmd: preprocess
  insize=2082 outsize=1816 ok=1
Cmd: compileSnippet
  api=0 type=0 insize=6145 outsize=1231 kw=DIRECTIONAL SHADOWS_OFF LIGHTMAP_OFF DIRLIGHTMAP_OFF ok=1
Cmd: compileSnippet
  api=0 type=1 insize=6145 outsize=703 kw=DIRECTIONAL SHADOWS_OFF LIGHTMAP_OFF DIRLIGHTMAP_OFF ok=1
Cmd: compileSnippet
  api=0 type=0 insize=3282 outsize=1030 kw=POINT ok=1
Cmd: compileSnippet
  api=0 type=1 insize=3282 outsize=870 kw=POINT ok=1
Cmd: compileSnippet
  api=0 type=0 insize=2232 outsize=420 kw=SHADOWS_DEPTH ok=1
Cmd: compileSnippet
  api=0 type=1 insize=2232 outsize=92 kw=SHADOWS_DEPTH ok=1
Cmd: compileSnippet
  api=0 type=0 insize=2277 outsize=1025 kw=SHADOWS_NONATIVE ok=1
Cmd: compileSnippet
  api=0 type=1 insize=2277 outsize=785 kw=SHADOWS_NONATIVE ok=1
Cmd: compileSnippet
  api=0 type=0 insize=782 outsize=456 kw= ok=1
Cmd: compileSnippet
  api=0 type=1 insize=782 outsize=101 kw= ok=1
Cmd: preprocess
  insize=892 outsize=259 ok=1
Cmd: compileSnippet
  api=0 type=0 insize=933 outsize=365 kw= ok=1
Cmd: compileSnippet
  api=0 type=1 insize=933 outsize=204 kw= ok=1
Cmd: preprocess
  insize=1705 outsize=2175 ok=1
Cmd: compileSnippet
  api=0 type=0 insize=4326 outsize=1058 kw=DIRECTIONAL SHADOWS_OFF LIGHTMAP_OFF DIRLIGHTMAP_OFF ok=1
Cmd: compileSnippet
  api=0 type=1 insize=4326 outsize=1213 kw=DIRECTIONAL SHADOWS_OFF LIGHTMAP_OFF DIRLIGHTMAP_OFF ok=1
Cmd: compileSnippet
  api=0 type=0 insize=2247 outsize=857 kw=POINT ok=1
Cmd: compileSnippet
  api=0 type=1 insize=2247 outsize=1423 kw=POINT ok=1
Cmd: compileSnippet
  api=0 type=0 insize=370 outsize=424 kw= ok=1
Cmd: compileSnippet
  api=0 type=1 insize=370 outsize=136 kw= ok=1
Cmd: preprocess
  insize=1594 outsize=1594 ok=1
Cmd: preprocess
  insize=1635 outsize=2103 ok=1
Cmd: compileSnippet
  api=0 type=0 insize=4326 outsize=1058 kw=DIRECTIONAL SHADOWS_OFF LIGHTMAP_OFF DIRLIGHTMAP_OFF ok=1
Cmd: compileSnippet
  api=0 type=1 insize=4326 outsize=1213 kw=DIRECTIONAL SHADOWS_OFF LIGHTMAP_OFF DIRLIGHTMAP_OFF ok=1
Cmd: compileSnippet
  api=0 type=0 insize=2247 outsize=857 kw=POINT ok=1
Cmd: compileSnippet
  api=0 type=1 insize=2247 outsize=1423 kw=POINT ok=1
Cmd: compileSnippet
  api=0 type=0 insize=370 outsize=424 kw= ok=1
Cmd: compileSnippet
  api=0 type=1 insize=370 outsize=136 kw= ok=1
Cmd: preprocess
  insize=1882 outsize=2352 ok=1
Cmd: preprocess
  insize=1684 outsize=2755 ok=1
Cmd: preprocess
  insize=890 outsize=890 ok=1
Cmd: preprocess
  insize=1523 outsize=2058 ok=1
Cmd: preprocess
  insize=1625 outsize=2093 ok=1
Cmd: preprocess
  insize=1722 outsize=2257 ok=1
Cmd: preprocess
  insize=1715 outsize=2185 ok=1
Cmd: preprocess
  insize=1331 outsize=1865 ok=1
